Btaur8	chr15.tRNA3952-LysTTT	896.5
Btaur8	chrX.tRNA6019-ValTAC	252.25
Btaur8	chr29.tRNA2147-SerGCT	352.75
Btaur8	chr7.tRNA9495-GlyTCC	911.25
Btaur8	chr19.tRNA5632-CysGCA	45.375
Btaur8	chr23.tRNA4120-GlnCTG	113.5
Btaur8	chr28.tRNA1157-SerTGA	456.875
Btaur8	chr23.tRNA4087-ArgACG	844.25
Btaur8	chr10.tRNA8698-TyrGTA	216.0
Btaur8	chr9.tRNA1012-GluTTC	382.375
Btaur8	chr23.tRNA4080-ArgTCG	67.875
Btaur8	chr7.tRNA2534-AsnGTT	667.375
Btaur8	chr29.tRNA2645-AlaAGC	401.75
Btaur8	chr14.tRNA1754-AlaAGC	940.0
Btaur8	chr2.tRNA6936-SupCTA	296.625
Btaur8	chr2.tRNA11193-AlaCGC	911.5
Btaur8	chr10.tRNA6699-LysCTT	520.25
Btaur8	chr19.tRNA5628-CysGCA	53.0
Btaur8	chr23.tRNA4204-LeuCAA	226.0
Btaur8	chr5.tRNA9768-SerCGA	335.125
Btaur8	chr18.tRNA64-GlyGCC	304.0
Btaur8	chr10.tRNA3056-HisGTG	1353.875
Btaur8	chr15.tRNA3840-LeuTAA	1017.25
Btaur8	chr3.tRNA990-ValCAC	133.25
Btaur8	chr23.tRNA4089-AlaCGC	378.375
Btaur8	chr23.tRNA4099-MetCAT	125.0
Btaur8	chr19.tRNA6318-IleAAT	126.5
Btaur8	chr10.tRNA1332-ProAGG	1735.875
Btaur8	chr19.tRNA1671-IleAAT	554.75
Btaur8	chr12.tRNA8402-GluTTC	722.625
Btaur8	chr7.tRNA2489-GluCTC	443.125
Btaur8	chr17.tRNA2550-AspGTC	156.75
Btaur8	chr10.tRNA8696-ProTGG	131.75
Btaur8	chr25.tRNA1545-GlyCCC	180.75
Btaur8	chr17.tRNA2552-AspGTC	452.125
Btaur8	chr3.tRNA1009-ValCAC	127.25
Btaur8	chr23.tRNA1618-LeuCAA	479.625
Btaur8	chr3.tRNA11062-AsnGTT	34.5
Btaur8	chr3.tRNA10648-iMetCAT	842.0
Btaur8	chr3.tRNA1013-LysCTT	1069.5
Btaur8	chr19.tRNA6321-ProCGG	250.0
Btaur8	chr12.tRNA1620-AsnGTT	511.625
Btaur8	chr11.tRNA7447-TyrGTA	958.75
Btaur8	chr4.tRNA4472-ArgCCT	1435.875
Btaur8	chr25.tRNA4639-LeuTAG	537.625
Btaur8	chr7.tRNA8503-ThrTGT	509.125
Btaur8	chr23.tRNA1620-AlaAGC	318.375
Btaur8	chr23.tRNA4093-TyrGTA	431.125
Btaur8	chr11.tRNA7624-GlyCCC	627.5
Btaur8	chr25.tRNA118-ProTGG	24.125
Btaur8	chr10.tRNA1322-LeuTAG	108.875
Btaur8	chr23.tRNA1712-IleAAT	372.75
Btaur8	chr19.tRNA7077-ThrCGT	307.875
Btaur8	chr3.tRNA1010-ValAAC	241.0
Btaur8	chr25.tRNA5880-ProAGG	248.625
Btaur8	chr11.tRNA5982-ArgTCT	161.625
Btaur8	chr2.tRNA11405-LeuCAA	49.625
Btaur8	chr14.tRNA3371-SerGGA	36.375
Btaur8	chr19.tRNA5606-CysGCA	788.375
Btaur8	chr3.tRNA11050-AspGTC	2037.625
Btaur8	chr7.tRNA8502-ValAAC	615.875
Btaur8	chr19.tRNA4423-ArgCCT	1619.0
Btaur8	chr23.tRNA4078-iMetCAT	1274.125
Btaur8	chr23.tRNA1613-PheGAA	443.0
Btaur8	chr3.tRNA11053-AspGTC	63.625
Btaur8	chr3.tRNA1018-GlnCTG	253.125
Btaur8	chr23.tRNA4086-LeuCAG	264.625
Btaur8	chr23.tRNA4135-IleAAT	72.125
Btaur8	chr1.tRNA9983-ValAAC	1293.625
Btaur8	chr23.tRNA4103-SerGCT	106.25
Btaur8	chr3.tRNA10377-AsnGTT	131.25
Btaur8	chr19.tRNA5851-TrpCCA	648.875
Btaur8	chr21.tRNA4901-TyrGTA	850.75
Btaur8	chr23.tRNA4108-ValCAC	63.125
Btaur8	chr23.tRNA1615-LeuAAG	194.0
Btaur8	chr18.tRNA1756-SupTCA	219.75
Btaur8	chr19.tRNA1673-GlyTCC	176.0
Btaur8	chr25.tRNA103-ArgCCG	328.75
Btaur8	chr19.tRNA4468-AlaAGC	116.75
Btaur8	chr21.tRNA2384-TyrGTA	70.875
Btaur8	chr7.tRNA8500-ValCAC	431.0
Btaur8	chr23.tRNA4104-ProCGG	103.125
Btaur8	chr3.tRNA954-HisGTG	89.75
Btaur8	chr16.tRNA1056-ThrTGT	241.875
Btaur8	chr3.tRNA10434-GluTTC	41.0
Btaur8	chr18.tRNA2101-ThrAGT	688.875
Btaur8	chr9.tRNA3624-LeuTAA	498.875
Btaur8	chr3.tRNA10370-AsnGTT	266.5
Btaur8	chr3.tRNA330-GlyGCC	2708.375
Btaur8	chr3.tRNA9047-ArgTCT	739.875
Btaur8	chr18.tRNA4489-SeCTCA	430.0
Btaur8	chr10.tRNA3194-SerGCT	61.125
Btaur8	chr10.tRNA8889-ArgACG	1054.5
Btaur8	chr4.tRNA5035-CysGCA	108.75
Btaur8	chr12.tRNA5671-PheGAA	763.625
Btaur8	chr23.tRNA1619-AlaAGC	549.75
Btaur8	chr18.tRNA1234-LeuCAG	553.0
Btaur8	chr15.tRNA2481-ProAGG	680.5
Btaur8	chr10.tRNA8699-ProTGG	233.875
Btaur8	chr10.tRNA8259-SerGCT	756.375
Btaur8	chr3.tRNA10399-GlnCTG	238.5
Btaur8	chr3.tRNA333-ValCAC	277.5
Btaur8	chr11.tRNA10681-GlyTCC	411.0
Btaur8	chr23.tRNA4118-SerAGA	231.625
Btaur8	chr16.tRNA8077-LysTTT	329.75
Btaur8	chr3.tRNA327-LeuCAG	651.125
Btaur8	chr11.tRNA1389-IleTAT	649.375
Btaur8	chr10.tRNA1327-TyrGTA	44.375
Btaur8	chr3.tRNA1008-HisGTG	197.875
Btaur8	chr23.tRNA4136-IleAAT	60.375
Btaur8	chr2.tRNA6949-GluTTC	156.625
Btaur8	chr13.tRNA8146-AsnGTT	267.625
Btaur8	chr3.tRNA951-HisGTG	70.125
Btaur8	chr21.tRNA1009-ArgTCG	860.125
Btaur8	chr25.tRNA105-ProTGG	521.25
Btaur8	chr23.tRNA1669-SerCGA	81.75
Btaur8	chr23.tRNA4208-LeuAAG	109.125
Btaur8	chr24.tRNA63-LysTTT	56.5
Btaur8	chr23.tRNA1744-SerGCT	114.0
Btaur8	chr25.tRNA1421-LeuAAG	1177.875
Btaur8	chr10.tRNA9381-GlnCTG	715.25
Btaur8	chr19.tRNA5627-CysGCA	889.125
Btaur8	chr19.tRNA3048-ArgCCG	530.75
Btaur8	chr3.tRNA10379-HisGTG	83.0
Btaur8	chr25.tRNA112-ProTGG	23.75
Btaur8	chr3.tRNA328-GlyGCC	853.25
Btaur8	chr23.tRNA1614-MetCAT	250.125
Btaur8	chr19.tRNA5637-AsnGTT	590.625
Btaur8	chr23.tRNA4094-TyrGTA	70.5
Btaur8	chr2.tRNA12823-GluTTC	528.5
Btaur8	chr21.tRNA7116-GluTTC	310.375
Btaur8	chr19.tRNA5726-GlnTTG	425.75
Btaur8	chr25.tRNA1013-ThrCGT	715.5
Btaur8	chr14.tRNA973-MetCAT	688.125
Btaur8	chr21.tRNA3570-IleAAT	164.25
Btaur8	chr19.tRNA6328-ThrAGT	437.0
Btaur8	chr5.tRNA2874-AspGTC	381.0
Btaur8	chr22.tRNA2438-ArgACG	1059.75
Btaur8	chr3.tRNA1107-GlnCTG	115.625
Btaur8	chr23.tRNA4081-SerAGA	52.75
Btaur8	chr5.tRNA2749-AspGTC	791.25
Btaur8	chr18.tRNA5449-MetCAT	37.25
Btaur8	chr10.tRNA8695-LeuTAG	146.875
Btaur8	chr4.tRNA5053-CysGCA	37.875
Btaur8	chr3.tRNA10369-GluCTC	152.125
Btaur8	chr19.tRNA1665-ArgTCT	1098.625
Btaur8	chr15.tRNA3951-PheGAA	207.0
Btaur8	chr21.tRNA5540-LysCTT	160.125
Btaur8	chr18.tRNA4840-IleTAT	946.125
Btaur8	chr7.tRNA2414-LysCTT	280.75
Btaur8	chr12.tRNA1044-ArgTCT	23.375
Btaur8	chr14.tRNA3831-SerAGA	991.0
Btaur8	chr23.tRNA1661-iMetCAT	219.875
Btaur8	chr3.tRNA10389-GlyCCC	76.0
Btaur8	chr7.tRNA9465-ArgCCG	55.125
Btaur8	chr21.tRNA2383-TyrGTA	146.875
Btaur8	chr23.tRNA4092-LysCTT	307.0
Btaur8	chr6.tRNA2600-SupTCA	36.0
