Chirc1	NC_030826.1.tRNA6673-ThrCGT	295.454545455
Chirc1	NC_030810.1.tRNA5254-AspGTC	379.818181818
Chirc1	NC_030816.1.tRNA3243-LeuTAA	394.454545455
Chirc1	NC_030811.1.tRNA10576-CysGCA	32.0909090909
Chirc1	NC_030819.1.tRNA3743-GluTTC	561.727272727
Chirc1	NC_030826.1.tRNA1571-ThrAGT	209.363636364
Chirc1	NC_030816.1.tRNA644-GluCTC	286.181818182
Chirc1	NC_030822.1.tRNA40-PheGAA	280.090909091
Chirc1	NC_030817.1.tRNA3822-ProTGG	111.636363636
Chirc1	NC_030810.1.tRNA4768-HisGTG	103.909090909
Chirc1	NC_030825.1.tRNA6146-LeuCAG	304.272727273
Chirc1	NC_030817.1.tRNA8211-SerGCT	95.9090909091
Chirc1	NC_030817.1.tRNA3819-LeuAAG	265.0
Chirc1	NC_030820.1.tRNA7955-AsnGTT	181.090909091
Chirc1	NC_030823.1.tRNA8145-LysTTT	373.545454545
Chirc1	NC_030810.1.tRNA6427-ValAAC	135.545454545
Chirc1	NC_030809.1.tRNA6388-GluTTC	442.090909091
Chirc1	NC_030821.1.tRNA6808-TyrGTA	704.090909091
Chirc1	NC_030814.1.tRNA3076-ValAAC	380.545454545
Chirc1	NC_030817.1.tRNA2027-HisGTG	1010.27272727
Chirc1	NC_030825.1.tRNA4359-iMetCAT	89.6363636364
Chirc1	NC_030818.1.tRNA7486-TyrGTA	582.727272727
Chirc1	NC_030810.1.tRNA4751-AsnGTT	78.8181818182
Chirc1	NC_030826.1.tRNA5546-TrpCCA	267.545454545
Chirc1	NC_030826.1.tRNA5315-CysGCA	651.181818182
Chirc1	NC_030825.1.tRNA2123-ThrAGT	495.090909091
Chirc1	NC_030817.1.tRNA3825-ProTGG	249.0
Chirc1	NC_030810.1.tRNA6611-AsnGTT	93.0909090909
Chirc1	NC_030808.1.tRNA1511-SerGGA	22.1818181818
Chirc1	NC_030810.1.tRNA4763-GluTTC	284.818181818
Chirc1	NC_030825.1.tRNA5437-MetCAT	67.4545454545
Chirc1	NC_030817.1.tRNA3821-LeuTAG	63.7272727273
Chirc1	NC_030826.1.tRNA5297-CysGCA	487.545454545
Chirc1	NC_030826.1.tRNA4630-SerAGA	394.090909091
Chirc1	NC_030818.1.tRNA7660-GlyCCC	408.272727273
Chirc1	NC_030817.1.tRNA3818-LeuAAG	54.9090909091
Chirc1	NC_030814.1.tRNA7730-LeuCAA	370.818181818
Chirc1	NC_030810.1.tRNA4618-GluTTC	135.090909091
Chirc1	NC_030822.1.tRNA41-ValTAC	680.545454545
Chirc1	NC_030826.1.tRNA5993-ThrAGT	231.636363636
Chirc1	NC_030810.1.tRNA4778-ValAAC	95.4545454545
Chirc1	NC_030825.1.tRNA4491-SeCTCA	189.545454545
Chirc1	NC_030811.1.tRNA10561-CysGCA	37.2727272727
Chirc1	NC_030828.1.tRNA2342-TyrGTA	36.3636363636
Chirc1	NC_030810.1.tRNA6440-GlnCTG	122.727272727
Chirc1	NC_030817.1.tRNA4441-GlnCTG	489.909090909
Chirc1	NC_030814.1.tRNA7160-ArgCCT	26.2727272727
Chirc1	NC_030826.1.tRNA2914-ArgCCG	344.545454545
Chirc1	NC_030819.1.tRNA6065-AsnGTT	325.181818182
Chirc1	NC_030810.1.tRNA5905-ValCAC	259.454545455
Chirc1	NC_030812.1.tRNA9862-SerCGA	438.545454545
Chirc1	NC_030828.1.tRNA3490-IleAAT	82.6363636364
Chirc1	NC_030817.1.tRNA3965-ArgACG	538.0
Chirc1	NC_030814.1.tRNA3077-ThrTGT	307.090909091
Chirc1	NC_030821.1.tRNA5997-MetCAT	437.727272727
Chirc1	NC_030828.1.tRNA991-ArgTCG	502.454545455
Chirc1	NC_030824.1.tRNA1428-AlaTGC	130.909090909
Chirc1	NC_030819.1.tRNA1045-PheGAA	557.818181818
Chirc1	NC_030829.1.tRNA2325-ArgACG	791.727272727
Chirc1	NC_030818.1.tRNA5998-ArgTCT	221.181818182
Chirc1	NC_030814.1.tRNA2930-PheGAA	459.363636364
Chirc1	NC_030809.1.tRNA8109-GlyGCC	678.090909091
Chirc1	NC_030814.1.tRNA3074-ValCAC	115.454545455
Chirc1	NC_030817.1.tRNA3380-SerGCT	530.454545455
Chirc1	NC_030826.1.tRNA5984-IleAAT	160.909090909
Chirc1	NC_030817.1.tRNA1744-LysCTT	397.636363636
Chirc1	NC_030810.1.tRNA5597-ProAGG	333.454545455
Chirc1	NC_030817.1.tRNA6321-LeuAAG	35.8181818182
Chirc1	NC_030818.1.tRNA1367-IleTAT	414.636363636
Chirc1	NC_030817.1.tRNA6328-ThrTGT	416.181818182
Chirc1	NC_030826.1.tRNA5987-ProCGG	366.454545455
Chirc1	NC_030810.1.tRNA5896-GlyGCC	635.363636364
Chirc1	NC_030810.1.tRNA4864-iMetCAT	505.727272727
Chirc1	NC_030825.1.tRNA4853-IleTAT	597.454545455
Chirc1	NC_030810.1.tRNA6415-AsnGTT	160.909090909
Chirc1	NC_030826.1.tRNA1567-ArgTCT	553.363636364
Chirc1	NC_030828.1.tRNA4866-TyrGTA	91.3636363636
Chirc1	NC_030819.1.tRNA4024-GluTTC	744.818181818
Chirc1	NC_030821.1.tRNA8902-SerAGA	790.181818182
Chirc1	NC_030828.1.tRNA5489-LysCTT	71.1818181818
Chirc1	NC_030808.1.tRNA10116-ValAAC	168.818181818
Chirc1	NC_030823.1.tRNA1049-ThrTGT	354.181818182
Chirc1	NC_030824.1.tRNA6310-PheGAA	460.909090909
Chirc1	NC_030814.1.tRNA7626-AlaTGC	223.272727273
Chirc1	NC_030810.1.tRNA4620-AsnGTT	55.7272727273
Chirc1	NC_030812.1.tRNA2861-TrpCCA	359.454545455
Chirc1	NC_030826.1.tRNA5325-AsnGTT	368.272727273
Chirc1	NC_030826.1.tRNA4207-ArgCCT	944.545454545
Chirc1	NC_030812.1.tRNA2743-AspGTC	518.454545455
Chirc1	NC_030810.1.tRNA6608-AsnGTT	24.2727272727
Chirc1	NC_030810.1.tRNA6418-AsnGTT	49.9090909091
Chirc1	NC_030809.1.tRNA550-GluTTC	63.2727272727
Chirc1	NC_030810.1.tRNA3240-ArgTCT	454.727272727
Chirc1	NC_030814.1.tRNA4127-GlyTCC	590.181818182
Chirc1	NC_030828.1.tRNA7073-GluTTC	212.181818182
Chirc1	NC_030822.1.tRNA6358-ProAGG	762.090909091
Chirc1	NC_030811.1.tRNA10559-CysGCA	40.0909090909
Chirc1	NC_030811.1.tRNA10041-ArgCCT	805.727272727
Chirc1	NC_030810.1.tRNA4773-AsnGTT	49.5454545455
Chirc1	NC_030810.1.tRNA4610-LysCTT	663.272727273
Chirc1	NC_030826.1.tRNA5418-GlnTTG	243.727272727
Chirc1	NC_030810.1.tRNA4754-HisGTG	101.454545455
