Sscro11	chr12.tRNA1307-ThrAGT	458.818181818
Sscro11	chr7.tRNA285-ArgTCG	133.181818182
Sscro11	chr2.tRNA229-LysTTT	347.272727273
Sscro11	chr12.tRNA1301-IleAAT	385.545454545
Sscro11	chr7.tRNA3306-SerGCT	34.3636363636
Sscro11	chr12.tRNA407-CysGCA	915.0
Sscro11	chr7.tRNA1301-TyrGTA	32.0
Sscro11	chr10.tRNA809-AsnGTT	198.0
Sscro11	chr1.tRNA4060-LysCTT	272.818181818
Sscro11	chr3.tRNA3200-ProTGG	154.272727273
Sscro11	chr1.tRNA1465-HisGTG	1670.36363636
Sscro11	chr2.tRNA263-MetCAT	71.3636363636
Sscro11	chr7.tRNA301-IleTAT	35.6363636364
Sscro11	chr18.tRNA740-CysGCA	155.545454545
Sscro11	chr7.tRNA1308-ProAGG	258.727272727
Sscro11	chr12.tRNA1304-ProCGG	528.0
Sscro11	chr18.tRNA752-CysGCA	25.3636363636
Sscro11	chr14.tRNA416-AspGTC	470.909090909
Sscro11	chr3.tRNA3342-ThrCGT	707.818181818
Sscro11	chr14.tRNA1055-SerTGA	838.636363636
Sscro11	chr12.tRNA1181-TrpCCA	325.0
Sscro11	chr7.tRNA324-AspGTC	235.181818182
Sscro11	chr7.tRNA304-SerGCT	33.3636363636
Sscro11	chr12.tRNA2289-ArgCCT	1067.27272727
Sscro11	chr5.tRNA911-LysTTT	170.454545455
Sscro11	chr7.tRNA1307-ProAGG	410.0
Sscro11	chr7.tRNA307-ValCAC	445.181818182
Sscro11	chr11.tRNA1132-PheGAA	1057.45454545
Sscro11	chr7.tRNA851-LysCTT	316.454545455
Sscro11	chr1.tRNA4534-GluTTC	365.636363636
Sscro11	chr10.tRNA435-AspGTC	14.1818181818
Sscro11	chr2.tRNA3882-SerGCT	257.272727273
Sscro11	chr7.tRNA3294-AsnGTT	26.0
Sscro11	chr7.tRNA291-ValCAC	1293.36363636
Sscro11	chr3.tRNA2409-IleTAT	1338.54545455
Sscro11	chr12.tRNA408-CysGCA	28.4545454545
Sscro11	chr11.tRNA1762-AsnGTT	894.727272727
Sscro11	chr7.tRNA1297-TyrGTA	118.272727273
Sscro11	chr15.tRNA314-GluTTC	569.454545455
Sscro11	chr3.tRNA3191-ArgCCG	326.727272727
Sscro11	chr7.tRNA1304-ThrTGT	89.4545454545
Sscro11	chr5.tRNA1645-AspGTC	757.636363636
Sscro11	chr4.tRNA1317-GluTTC	162.909090909
Sscro11	chr11.tRNA357-GluTTC	869.090909091
Sscro11	chr4.tRNA1335-GlnCTG	581.272727273
Sscro11	chr1.tRNA3225-ArgTCT	398.090909091
Sscro11	chr4.tRNA2344-GlyGCC	10.0909090909
Sscro11	chr15.tRNA2403-GlyGCC	627.363636364
Sscro11	chr7.tRNA2432-ThrTGT	1103.36363636
Sscro11	chr3.tRNA2235-TyrGTA	1090.0
Sscro11	chr6.tRNA195-GlyGCC	58.9090909091
Sscro11	chr7.tRNA302-SerGCT	131.181818182
Sscro11	chr2.tRNA64-AlaAGC	1211.72727273
Sscro11	chr7.tRNA289-LeuCAG	247.363636364
Sscro11	chr9.tRNA2552-LysTTT	202.727272727
Sscro11	chr7.tRNA283-iMetCAT	1115.27272727
Sscro11	chr7.tRNA1298-LeuTAG	184.545454545
Sscro11	chr4.tRNA2126-GlyTCC	1021.90909091
Sscro11	chr7.tRNA3237-ArgTCG	52.1818181818
Sscro11	chr18.tRNA725-CysGCA	89.3636363636
Sscro11	chr7.tRNA3301-GlyGCC	196.909090909
Sscro11	chr6.tRNA4438-IleTAT	1306.0
Sscro11	chr12.tRNA2159-ArgCCG	616.181818182
Sscro11	chr3.tRNA799-GlyCCC	1020.18181818
Sscro11	chr6.tRNA4943-GlyGCC	46.9090909091
Sscro11	chr18.tRNA724-CysGCA	92.1818181818
Sscro11	chr7.tRNA974-ArgTCG	1389.63636364
Sscro11	chr7.tRNA338-IleAAT	43.7272727273
Sscro11	chr7.tRNA306-ThrAGT	34.9090909091
Sscro11	chr4.tRNA1319-AsnGTT	374.272727273
Sscro11	chr5.tRNA334-SerCGA	1053.63636364
Sscro11	chr4.tRNA195-MetCAT	683.363636364
Sscro11	chr3.tRNA1279-GlyCCC	641.272727273
Sscro11	chr7.tRNA349-SerGCT	105.363636364
Sscro11	chr6.tRNA4354-SeCTCA	520.090909091
Sscro11	chr4.tRNA2348-AsnGTT	257.545454545
Sscro11	chr18.tRNA1302-ArgCCT	1864.63636364
Sscro11	chr4.tRNA499-SerAGA	813.454545455
Sscro11	chr2.tRNA754-ValCAC	2308.0
Sscro11	chr4.tRNA1828-ArgTCT	817.090909091
Sscro11	chr2.tRNA231-ValTAC	927.363636364
Sscro11	chr7.tRNA3285-ValTAC	17.1818181818
Sscro11	chr4.tRNA2203-iMetCAT	902.545454545
Sscro11	chr1.tRNA5870-LeuTAA	742.818181818
Sscro11	chr4.tRNA1111-ValCAC	152.181818182
Sscro11	chr5.tRNA1616-AspGTC	582.181818182
Sscro11	chr2.tRNA3199-LeuCAA	696.181818182
Sscro11	chr15.tRNA24-AspGTC	44.7272727273
Sscro11	chr1.tRNA459-GluCTC	923.454545455
Sscro11	chr12.tRNA1890-GlnTTG	645.454545455
Sscro11	chr6.tRNA621-ThrAGT	1319.45454545
Sscro11	chr13.tRNA4254-ArgACG	1261.81818182
Sscro11	chr7.tRNA2467-ArgACG	1197.54545455
Sscro11	chr2.tRNA2869-GlyTCC	722.454545455
Sscro11	chr7.tRNA340-ValAAC	47.3636363636
Sscro11	chr4.tRNA1313-ValAAC	62.7272727273
Sscro11	chr3.tRNA3437-LeuAAG	1353.54545455
Sscro11	chr7.tRNA296-TyrGTA	386.545454545
Sscro11	chr7.tRNA287-ArgACG	137.181818182
Sscro11	chr12.tRNA411-AsnGTT	771.636363636
Sscro11	chrX.tRNA3246-ValTAC	326.272727273
Sscro11	chr9.tRNA3199-ProTGG	613.636363636
Sscro11	chr6.tRNA4859-LeuCAG	693.272727273
Sscro11	chr2.tRNA3160-LeuAAG	1694.0
Sscro11	chr7.tRNA303-ProCGG	111.727272727
Sscro11	chr4.tRNA2417-ProCGG	712.0
Sscro11	chr7.tRNA3261-ValAAC	374.363636364
Sscro11	chr7.tRNA293-IleAAT	608.272727273
Sscro11	chr14.tRNA418-AspGTC	577.0
Sscro11	chr4.tRNA2129-ValAAC	35.1818181818
Sscro11	chr7.tRNA2430-LeuTAG	236.636363636
Sscro11	chr7.tRNA325-GlnCTG	98.1818181818
Sscro11	chr3.tRNA586-iMetCAT	91.9090909091
Sscro11	chr3.tRNA762-LysCTT	176.090909091
Sscro11	chr2.tRNA3161-AlaTGC	380.0
Sscro11	chr4.tRNA1428-GluTTC	22.5454545455
Sscro11	chr3.tRNA507-LeuTAG	661.363636364
Sscro11	chr3.tRNA3202-LysCTT	260.545454545
Sscro11	chr12.tRNA995-ArgTCT	578.818181818
Sscro11	chr4.tRNA1087-GlyGCC	586.545454545
Sscro11	chr10.tRNA110-ThrTGT	503.181818182
Sscro11	chr4.tRNA2601-TyrGTA	949.272727273
Sscro11	chr12.tRNA1508-ThrCGT	440.909090909
Sscro11	chr3.tRNA3192-ArgCCT	319.909090909
Sscro11	chr7.tRNA3254-GlyGCC	345.727272727
Sscro11	chr12.tRNA998-SerGCT	108.272727273
Sscro11	chr11.tRNA441-GluTTC	1202.09090909
Sscro11	chr4.tRNA1337-GlnCTG	1012.81818182
Sscro11	chr2.tRNA1155-PheGAA	503.454545455
Sscro11	chr12.tRNA403-CysGCA	732.272727273
Sscro11	chr1.tRNA4284-GlnCTG	721.0
Sscro11	chr4.tRNA1086-LeuCAG	1294.63636364
